0 info it worked if it ends with ok
1 verbose cli [ 'D:\\Programs\\nodejs\\node.exe',
1 verbose cli   'D:\\Programs\\nodejs\\node_modules\\npm\\bin\\npm-cli.js',
1 verbose cli   'start' ]
2 info using npm@3.10.10
3 info using node@v6.10.3
4 verbose run-script [ 'prestart', 'start', 'poststart' ]
5 info lifecycle markingsystem@0.0.0~prestart: markingsystem@0.0.0
6 silly lifecycle markingsystem@0.0.0~prestart: no script for prestart, continuing
7 info lifecycle markingsystem@0.0.0~start: markingsystem@0.0.0
8 verbose lifecycle markingsystem@0.0.0~start: unsafe-perm in lifecycle true
9 verbose lifecycle markingsystem@0.0.0~start: PATH: D:\Programs\nodejs\node_modules\npm\bin\node-gyp-bin;C:\Users\www56\Desktop\MarkingSystem\MarkingSystem\node_modules\.bin;C:\WINDOWS\system32;C:\WINDOWS;C:\WINDOWS\System32\Wbem;C:\WINDOWS\System32\WindowsPowerShell\v1.0\;D:\Programs\nodejs\;D:\Programs\Git\cmd;C:\Program Files\TortoiseGit\bin;C:\Users\www56\AppData\Local\Microsoft\WindowsApps;;D:\Programs\Microsoft VS Code\bin;C:\Users\www56\AppData\Roaming\npm
10 verbose lifecycle markingsystem@0.0.0~start: CWD: C:\Users\www56\Desktop\MarkingSystem\MarkingSystem
11 silly lifecycle markingsystem@0.0.0~start: Args: [ '/d /s /c', 'node ./bin/www' ]
12 silly lifecycle markingsystem@0.0.0~start: Returned: code: 3221225786  signal: null
13 info lifecycle markingsystem@0.0.0~start: Failed to exec start script
14 verbose stack Error: markingsystem@0.0.0 start: `node ./bin/www`
14 verbose stack Exit status 3221225786
14 verbose stack     at EventEmitter.<anonymous> (D:\Programs\nodejs\node_modules\npm\lib\utils\lifecycle.js:255:16)
14 verbose stack     at emitTwo (events.js:106:13)
14 verbose stack     at EventEmitter.emit (events.js:191:7)
14 verbose stack     at ChildProcess.<anonymous> (D:\Programs\nodejs\node_modules\npm\lib\utils\spawn.js:40:14)
14 verbose stack     at emitTwo (events.js:106:13)
14 verbose stack     at ChildProcess.emit (events.js:191:7)
14 verbose stack     at maybeClose (internal/child_process.js:886:16)
14 verbose stack     at Process.ChildProcess._handle.onexit (internal/child_process.js:226:5)
15 verbose pkgid markingsystem@0.0.0
16 verbose cwd C:\Users\www56\Desktop\MarkingSystem\MarkingSystem
17 error Windows_NT 10.0.14393
18 error argv "D:\\Programs\\nodejs\\node.exe" "D:\\Programs\\nodejs\\node_modules\\npm\\bin\\npm-cli.js" "start"
19 error node v6.10.3
20 error npm  v3.10.10
21 error code ELIFECYCLE
22 error markingsystem@0.0.0 start: `node ./bin/www`
22 error Exit status 3221225786
23 error Failed at the markingsystem@0.0.0 start script 'node ./bin/www'.
23 error Make sure you have the latest version of node.js and npm installed.
23 error If you do, this is most likely a problem with the markingsystem package,
23 error not with npm itself.
23 error Tell the author that this fails on your system:
23 error     node ./bin/www
23 error You can get information on how to open an issue for this project with:
23 error     npm bugs markingsystem
23 error Or if that isn't available, you can get their info via:
23 error     npm owner ls markingsystem
23 error There is likely additional logging output above.
24 verbose exit [ 1, true ]
